<?xml version="1.0" encoding="UTF-8"?>
<!-- Generated by org.testng.reporters.JUnitXMLReporter -->
<testsuite ignored="0" hostname="Harsh" failures="0" tests="10" name="Default test" time="22.125" errors="0" timestamp="2025-09-15T00:11:13 AEST">
  <testcase classname="capstoneproject.telecom.TestCases" name="addNewUser" time="5.241"/>
  <testcase classname="capstoneproject.telecom.TestCases" name="getUserProfile" time="1.383"/>
  <testcase classname="capstoneproject.telecom.TestCases" name="updateUser" time="4.705"/>
  <testcase classname="capstoneproject.telecom.TestCases" name="logInUser" time="1.203"/>
  <testcase classname="capstoneproject.telecom.TestCases" name="addContact" time="1.212"/>
  <testcase classname="capstoneproject.telecom.TestCases" name="getContactList" time="2.698"/>
  <testcase classname="capstoneproject.telecom.TestCases" name="getContact" time="1.148"/>
  <testcase classname="capstoneproject.telecom.TestCases" name="updateContact" time="1.365"/>
  <testcase classname="capstoneproject.telecom.TestCases" name="updateContactFirstName" time="1.899"/>
  <testcase classname="capstoneproject.telecom.TestCases" name="logOutUser" time="1.18"/>
</testsuite> <!-- Default test -->
